<?xml version="1.0" encoding="UTF-8"?>
<!-- Generated by org.testng.reporters.JUnitXMLReporter -->
<testsuite ignored="0" hostname="LAPTOP-62C0PDQP" failures="1" tests="1" name="master.xml" time="79.484" errors="0" timestamp="2025-03-12T23:45:18 IST">
  <testcase classname="testCases.Tc002_LoginTest" name="varified_login_test" time="30.103">
    <failure type="java.lang.AssertionError" message="null">
      <![CDATA[java.lang.AssertionError: null
at testCases.Tc002_LoginTest.varified_login_test(Tc002_LoginTest.java:36)
at java.base/java.util.ArrayList.forEach(ArrayList.java:1596)
... Removed 27 stack frames]]>
    </failure>
  </testcase> <!-- varified_login_test -->
</testsuite> <!-- master.xml -->
