<?xml version="1.0" encoding="UTF-8"?>
<!-- Generated by org.testng.reporters.JUnitXMLReporter -->
<testsuite ignored="0" hostname="LAPTOP-62C0PDQP" failures="1" tests="2" name="master.xml" time="241.696" errors="0" timestamp="2024-10-23T20:49:17 IST">
  <testcase classname="testCases.Tc001_AccountRegistationTest" name="Varify_Account_Registation" time="94.32">
    <failure type="java.lang.AssertionError" message="expected [Your Account Has Been Created!] but found [no such element: Unable to locate element: {&amp;quot;method&amp;quot;:&amp;quot;xpath&amp;quot;,&amp;quot;selector&amp;quot;:&amp;quot;//h1[text()=&amp;apos;Your Account Has Been Created!&amp;apos;]&amp;quot;}
  (Session info: chrome=130.0.6723.59)
For documentation on this error, please visit: https://www.selenium.dev/documentation/webdriver/troubleshooting/errors#no-such-element-exception
Build info: version: &amp;apos;4.18.1&amp;apos;, revision: &amp;apos;b1d3319b48&amp;apos;
System info: os.name: &amp;apos;Windows 11&amp;apos;, os.arch: &amp;apos;amd64&amp;apos;, os.version: &amp;apos;10.0&amp;apos;, java.version: &amp;apos;21.0.4&amp;apos;
Driver info: org.openqa.selenium.chrome.ChromeDriver
Command: [292d3b8a89b7a417da0087690d0f95dc, findElement {using=xpath, value=//h1[text()=&amp;apos;Your Account Has Been Created!&amp;apos;]}]
Capabilities {acceptInsecureCerts: false, browserName: chrome, browserVersion: 130.0.6723.59, chrome: {chromedriverVersion: 130.0.6723.69 (3ec172b971b9..., userDataDir: C:\Users\suraj\AppData\Loca...}, fedcm:accounts: true, goog:chromeOptions: {debuggerAddress: localhost:60766}, networkConnectionEnabled: false, pageLoadStrategy: normal, platformName: windows, proxy: Proxy(), se:cdp: ws://localhost:60766/devtoo..., se:cdpVersion: 130.0.6723.59, setWindowRect: true, strictFileInteractability: false, timeouts: {implicit: 0, pageLoad: 300000, script: 30000}, unhandledPromptBehavior: dismiss and notify, webauthn:extension:credBlob: true, webauthn:extension:largeBlob: true, webauthn:extension:minPinLength: true, webauthn:extension:prf: true, webauthn:virtualAuthenticators: true}
Session ID: 292d3b8a89b7a417da0087690d0f95dc]">
      <![CDATA[java.lang.AssertionError: expected [Your Account Has Been Created!] but found [no such element: Unable to locate element: {"method":"xpath","selector":"//h1[text()='Your Account Has Been Created!']"}
  (Session info: chrome=130.0.6723.59)
For documentation on this error, please visit: https://www.selenium.dev/documentation/webdriver/troubleshooting/errors#no-such-element-exception
Build info: version: '4.18.1', revision: 'b1d3319b48'
System info: os.name: 'Windows 11', os.arch: 'amd64', os.version: '10.0', java.version: '21.0.4'
Driver info: org.openqa.selenium.chrome.ChromeDriver
Command: [292d3b8a89b7a417da0087690d0f95dc, findElement {using=xpath, value=//h1[text()='Your Account Has Been Created!']}]
Capabilities {acceptInsecureCerts: false, browserName: chrome, browserVersion: 130.0.6723.59, chrome: {chromedriverVersion: 130.0.6723.69 (3ec172b971b9..., userDataDir: C:\Users\suraj\AppData\Loca...}, fedcm:accounts: true, goog:chromeOptions: {debuggerAddress: localhost:60766}, networkConnectionEnabled: false, pageLoadStrategy: normal, platformName: windows, proxy: Proxy(), se:cdp: ws://localhost:60766/devtoo..., se:cdpVersion: 130.0.6723.59, setWindowRect: true, strictFileInteractability: false, timeouts: {implicit: 0, pageLoad: 300000, script: 30000}, unhandledPromptBehavior: dismiss and notify, webauthn:extension:credBlob: true, webauthn:extension:largeBlob: true, webauthn:extension:minPinLength: true, webauthn:extension:prf: true, webauthn:virtualAuthenticators: true}
Session ID: 292d3b8a89b7a417da0087690d0f95dc]
at testCases.Tc001_AccountRegistationTest.Varify_Account_Registation(Tc001_AccountRegistationTest.java:32)
at java.base/java.util.ArrayList.forEach(ArrayList.java:1596)
... Removed 31 stack frames]]>
    </failure>
  </testcase> <!-- Varify_Account_Registation -->
  <testcase classname="testCases.Tc002_LoginTest" name="varified_login_test" time="66.931"/>
</testsuite> <!-- master.xml -->
