<?xml version="1.0" encoding="UTF-8"?>
<testng-results ignored="0" total="1" passed="1" failed="0" skipped="0">
  <reporter-output>
  </reporter-output>
  <suite started-at="2025-08-01T15:28:04 IST" name="Master Suite" finished-at="2025-08-01T15:28:11 IST" duration-ms="6573">
    <groups>
    </groups>
    <test started-at="2025-08-01T15:28:04 IST" name="Test" finished-at="2025-08-01T15:28:11 IST" duration-ms="6573">
      <class name="testCases.Tc004_ForgotPasswordFunctinalityTest">
        <test-method is-config="true" signature="setUp(java.lang.String,java.lang.String)[pri:0, instance:testCases.Tc004_ForgotPasswordFunctinalityTest@7e3181aa]" started-at="2025-08-01T15:28:05 IST" name="setUp" finished-at="2025-08-01T15:28:08 IST" duration-ms="3102" status="PASS">
          <params>
            <param index="0">
              <value>
                <![CDATA[Windows]]>
              </value>
            </param>
            <param index="1">
              <value>
                <![CDATA[chrome]]>
              </value>
            </param>
          </params>
          <reporter-output>
          </reporter-output>
        </test-method> <!-- setUp -->
        <test-method signature="varifyForgotPass_PageFunctinality()[pri:0, instance:testCases.Tc004_ForgotPasswordFunctinalityTest@7e3181aa]" started-at="2025-08-01T15:28:08 IST" name="varifyForgotPass_PageFunctinality" finished-at="2025-08-01T15:28:11 IST" duration-ms="3054" status="PASS">
          <reporter-output>
          </reporter-output>
        </test-method> <!-- varifyForgotPass_PageFunctinality -->
        <test-method is-config="true" signature="tearDown()[pri:0, instance:testCases.Tc004_ForgotPasswordFunctinalityTest@7e3181aa]" started-at="2025-08-01T15:28:11 IST" name="tearDown" finished-at="2025-08-01T15:28:11 IST" duration-ms="194" status="PASS">
          <reporter-output>
          </reporter-output>
        </test-method> <!-- tearDown -->
      </class> <!-- testCases.Tc004_ForgotPasswordFunctinalityTest -->
    </test> <!-- Test -->
  </suite> <!-- Master Suite -->
</testng-results>
