<?xml version="1.0" encoding="UTF-8"?>
<testng-results ignored="0" total="2" passed="1" failed="1" skipped="0">
  <reporter-output>
  </reporter-output>
  <suite started-at="2024-11-15T14:31:58 IST" name="Suite" finished-at="2024-11-15T14:33:01 IST" duration-ms="62909">
    <groups>
      <group name="regration">
        <method signature="Tc001_AccountRegistationTest.Varify_Account_Registation()[pri:0, instance:testCases.Tc001_AccountRegistationTest@7e3181aa]" name="Varify_Account_Registation" class="testCases.Tc001_AccountRegistationTest"/>
        <method signature="Tc001_AccountRegistationTest.Varify_Account_Registation()[pri:0, instance:testCases.Tc001_AccountRegistationTest@13d9b21f]" name="Varify_Account_Registation" class="testCases.Tc001_AccountRegistationTest"/>
        <method signature="Tc001_AccountRegistationTest.Varify_Account_Registation()[pri:0, instance:testCases.Tc001_AccountRegistationTest@62727399]" name="Varify_Account_Registation" class="testCases.Tc001_AccountRegistationTest"/>
      </group> <!-- regration -->
      <group name="master">
        <method signature="Tc001_AccountRegistationTest.Varify_Account_Registation()[pri:0, instance:testCases.Tc001_AccountRegistationTest@7e3181aa]" name="Varify_Account_Registation" class="testCases.Tc001_AccountRegistationTest"/>
        <method signature="Tc001_AccountRegistationTest.Varify_Account_Registation()[pri:0, instance:testCases.Tc001_AccountRegistationTest@13d9b21f]" name="Varify_Account_Registation" class="testCases.Tc001_AccountRegistationTest"/>
        <method signature="Tc001_AccountRegistationTest.Varify_Account_Registation()[pri:0, instance:testCases.Tc001_AccountRegistationTest@62727399]" name="Varify_Account_Registation" class="testCases.Tc001_AccountRegistationTest"/>
      </group> <!-- master -->
    </groups>
    <test started-at="2024-11-15T14:31:58 IST" name="chromeTest" finished-at="2024-11-15T14:32:24 IST" duration-ms="25841">
      <class name="testCases.Tc001_AccountRegistationTest">
        <test-method is-config="true" signature="setUp(java.lang.String,java.lang.String)[pri:0, instance:testCases.Tc001_AccountRegistationTest@7e3181aa]" started-at="2024-11-15T14:31:58 IST" name="setUp" finished-at="2024-11-15T14:32:07 IST" duration-ms="8571" status="PASS">
          <params>
            <param index="0">
              <value>
                <![CDATA[windows]]>
              </value>
            </param>
            <param index="1">
              <value>
                <![CDATA[chrome]]>
              </value>
            </param>
          </params>
          <reporter-output>
          </reporter-output>
        </test-method> <!-- setUp -->
        <test-method signature="Varify_Account_Registation()[pri:0, instance:testCases.Tc001_AccountRegistationTest@7e3181aa]" started-at="2024-11-15T14:32:07 IST" name="Varify_Account_Registation" finished-at="2024-11-15T14:32:14 IST" duration-ms="6843" status="FAIL">
          <exception class="java.lang.AssertionError">
            <message>
              <![CDATA[null]]>
            </message>
            <full-stacktrace>
              <![CDATA[java.lang.AssertionError: null
at org.testng.Assert.fail(Assert.java:111)
at org.testng.Assert.fail(Assert.java:116)
at testCases.Tc001_AccountRegistationTest.Varify_Account_Registation(Tc001_AccountRegistationTest.java:39)
at java.base/jdk.internal.reflect.DirectMethodHandleAccessor.invoke(DirectMethodHandleAccessor.java:103)
at java.base/java.lang.reflect.Method.invoke(Method.java:580)
at org.testng.internal.invokers.MethodInvocationHelper.invokeMethod(MethodInvocationHelper.java:139)
at org.testng.internal.invokers.TestInvoker.invokeMethod(TestInvoker.java:664)
at org.testng.internal.invokers.TestInvoker.invokeTestMethod(TestInvoker.java:227)
at org.testng.internal.invokers.MethodRunner.runInSequence(MethodRunner.java:50)
at org.testng.internal.invokers.TestInvoker$MethodInvocationAgent.invoke(TestInvoker.java:957)
at org.testng.internal.invokers.TestInvoker.invokeTestMethods(TestInvoker.java:200)
at org.testng.internal.invokers.TestMethodWorker.invokeTestMethods(TestMethodWorker.java:148)
at org.testng.internal.invokers.TestMethodWorker.run(TestMethodWorker.java:128)
at java.base/java.util.ArrayList.forEach(ArrayList.java:1596)
at org.testng.TestRunner.privateRun(TestRunner.java:848)
at org.testng.TestRunner.run(TestRunner.java:621)
at org.testng.SuiteRunner.runTest(SuiteRunner.java:443)
at org.testng.SuiteRunner$SuiteWorker.run(SuiteRunner.java:481)
at org.testng.internal.thread.ThreadUtil.lambda$execute$0(ThreadUtil.java:58)
at java.base/java.util.concurrent.FutureTask.run(FutureTask.java:317)
at java.base/java.util.concurrent.ThreadPoolExecutor.runWorker(ThreadPoolExecutor.java:1144)
at java.base/java.util.concurrent.ThreadPoolExecutor$Worker.run(ThreadPoolExecutor.java:642)
at java.base/java.lang.Thread.run(Thread.java:1583)
]]>
            </full-stacktrace>
          </exception> <!-- java.lang.AssertionError -->
          <reporter-output>
          </reporter-output>
        </test-method> <!-- Varify_Account_Registation -->
        <test-method is-config="true" signature="tearDown()[pri:0, instance:testCases.Tc001_AccountRegistationTest@7e3181aa]" started-at="2024-11-15T14:32:21 IST" name="tearDown" finished-at="2024-11-15T14:32:24 IST" duration-ms="2251" status="PASS">
          <reporter-output>
          </reporter-output>
        </test-method> <!-- tearDown -->
      </class> <!-- testCases.Tc001_AccountRegistationTest -->
    </test> <!-- chromeTest -->
    <test started-at="2024-11-15T14:31:58 IST" name="edgeTest" finished-at="2024-11-15T14:33:01 IST" duration-ms="62909">
      <class name="testCases.Tc001_AccountRegistationTest">
        <test-method is-config="true" signature="setUp(java.lang.String,java.lang.String)[pri:0, instance:testCases.Tc001_AccountRegistationTest@62727399]" started-at="2024-11-15T14:31:58 IST" name="setUp" finished-at="2024-11-15T14:32:28 IST" duration-ms="29486" status="PASS">
          <params>
            <param index="0">
              <value>
                <![CDATA[windows]]>
              </value>
            </param>
            <param index="1">
              <value>
                <![CDATA[edge]]>
              </value>
            </param>
          </params>
          <reporter-output>
          </reporter-output>
        </test-method> <!-- setUp -->
        <test-method signature="Varify_Account_Registation()[pri:0, instance:testCases.Tc001_AccountRegistationTest@62727399]" started-at="2024-11-15T14:32:28 IST" name="Varify_Account_Registation" finished-at="2024-11-15T14:32:59 IST" duration-ms="31811" status="PASS">
          <reporter-output>
          </reporter-output>
        </test-method> <!-- Varify_Account_Registation -->
        <test-method is-config="true" signature="tearDown()[pri:0, instance:testCases.Tc001_AccountRegistationTest@62727399]" started-at="2024-11-15T14:32:59 IST" name="tearDown" finished-at="2024-11-15T14:33:01 IST" duration-ms="1449" status="PASS">
          <reporter-output>
          </reporter-output>
        </test-method> <!-- tearDown -->
      </class> <!-- testCases.Tc001_AccountRegistationTest -->
    </test> <!-- edgeTest -->
  </suite> <!-- Suite -->
</testng-results>
